<?xml version="1.0" encoding="UTF-8"?>
<!-- Generated by org.testng.reporters.JUnitReportReporter -->
<testsuite skipped="0" hostname="LAPTOP-E9DP2LG2" name="com.class12.TaskGuru99" tests="1" failures="0" timestamp="22 Sep 2019 17:23:30 GMT" time="9.693" errors="0">
  <testcase name="getMax" time="9.693" classname="com.class12.TaskGuru99"/>
</testsuite> <!-- com.class12.TaskGuru99 -->
