<?xml version="1.0" encoding="UTF-8"?>
<!-- Generated by org.testng.reporters.JUnitReportReporter -->
<testsuite skipped="0" hostname="LAPTOP-E9DP2LG2" name="com.class12.ReadingPropertyFile" tests="1" failures="0" timestamp="02 Jun 2019 22:58:20 GMT" time="5.685" errors="0">
  <testcase name="readFile" time="5.685" classname="com.class12.ReadingPropertyFile"/>
</testsuite> <!-- com.class12.ReadingPropertyFile -->
