<?xml version="1.0" encoding="UTF-8"?>
<!-- Generated by org.testng.reporters.JUnitReportReporter -->
<testsuite skipped="0" hostname="LAPTOP-E9DP2LG2" name="com.class12.FlightSearch" tests="1" failures="0" timestamp="03 Jun 2019 00:07:45 GMT" time="15.644" errors="0">
  <testcase name="searchFlight" time="15.644" classname="com.class12.FlightSearch"/>
</testsuite> <!-- com.class12.FlightSearch -->
