<?xml version="1.0" encoding="UTF-8"?>
<!-- Generated by org.testng.reporters.JUnitReportReporter -->
<testsuite skipped="0" hostname="LAPTOP-E9DP2LG2" name="com.class12.TC1" tests="1" failures="0" timestamp="02 Jun 2019 19:17:33 GMT" time="5.601" errors="0">
  <testcase name="login" time="5.601" classname="com.class12.TC1"/>
</testsuite> <!-- com.class12.TC1 -->
